<?xml version="1.0" encoding="UTF-8"?>
<!-- Generated by org.testng.reporters.JUnitReportReporter -->
<testsuite skipped="0" hostname="LTIN216801" name="com.cucumbercraft.pages.MIBClaimCreate" tests="1" failures="0" timestamp="2020-09-03T11:13:03 IST" time="307.736" errors="0">
  <testcase name="unrepClaimCreate" time="307.736" classname="com.cucumbercraft.pages.MIBClaimCreate"/>
  <system-out/>
</testsuite> <!-- com.cucumbercraft.pages.MIBClaimCreate -->
