<?xml version="1.0" encoding="UTF-8"?>
<!-- Generated by org.testng.reporters.JUnitReportReporter -->
<testsuite skipped="0" hostname="LTIN216801" name="com.cucumbercraft.pages.MIBPROLoginPage" tests="1" failures="0" timestamp="2020-09-21T00:55:16 IST" time="24.638" errors="0">
  <testcase name="mibProLogin" time="24.638" classname="com.cucumbercraft.pages.MIBPROLoginPage"/>
  <system-out/>
</testsuite> <!-- com.cucumbercraft.pages.MIBPROLoginPage -->
